{"/home/onemedia/Documents/Ag/api-fikani/src/config/db.config.js": {"path":"/home/onemedia/Documents/Ag/api-fikani/src/config/db.config.js","statementMap":{"0":{"start":{"line":1,"column":22},"end":{"line":1,"column":42}},"1":{"start":{"line":2,"column":15},"end":{"line":2,"column":32}},"2":{"start":{"line":3,"column":0},"end":{"line":5,"column":3}},"3":{"start":{"line":8,"column":20},"end":{"line":30,"column":6}},"4":{"start":{"line":32,"column":0},"end":{"line":57,"column":5}},"5":{"start":{"line":33,"column":2},"end":{"line":40,"column":7}},"6":{"start":{"line":36,"column":6},"end":{"line":36,"column":67}},"7":{"start":{"line":39,"column":6},"end":{"line":39,"column":65}},"8":{"start":{"line":42,"column":2},"end":{"line":46,"column":5}},"9":{"start":{"line":43,"column":4},"end":{"line":43,"column":34}},"10":{"start":{"line":45,"column":4},"end":{"line":45,"column":45}},"11":{"start":{"line":48,"column":2},"end":{"line":56,"column":4}},"12":{"start":{"line":49,"column":4},"end":{"line":51,"column":6}},"13":{"start":{"line":50,"column":6},"end":{"line":50,"column":62}},"14":{"start":{"line":55,"column":4},"end":{"line":55,"column":19}},"15":{"start":{"line":60,"column":0},"end":{"line":60,"column":27}}},"fnMap":{"0":{"name":"(anonymous_0)","decl":{"start":{"line":32,"column":1},"end":{"line":32,"column":2}},"loc":{"start":{"line":32,"column":13},"end":{"line":57,"column":1}},"line":32},"1":{"name":"(anonymous_1)","decl":{"start":{"line":35,"column":10},"end":{"line":35,"column":11}},"loc":{"start":{"line":35,"column":16},"end":{"line":37,"column":5}},"line":35},"2":{"name":"(anonymous_2)","decl":{"start":{"line":38,"column":11},"end":{"line":38,"column":12}},"loc":{"start":{"line":38,"column":22},"end":{"line":40,"column":5}},"line":38},"3":{"name":"(anonymous_3)","decl":{"start":{"line":42,"column":39},"end":{"line":42,"column":40}},"loc":{"start":{"line":42,"column":45},"end":{"line":44,"column":3}},"line":42},"4":{"name":"(anonymous_4)","decl":{"start":{"line":44,"column":11},"end":{"line":44,"column":12}},"loc":{"start":{"line":44,"column":20},"end":{"line":46,"column":3}},"line":44},"5":{"name":"(anonymous_5)","decl":{"start":{"line":48,"column":23},"end":{"line":48,"column":24}},"loc":{"start":{"line":48,"column":35},"end":{"line":56,"column":3}},"line":48},"6":{"name":"(anonymous_6)","decl":{"start":{"line":49,"column":26},"end":{"line":49,"column":27}},"loc":{"start":{"line":49,"column":32},"end":{"line":51,"column":5}},"line":49}},"branchMap":{"0":{"loc":{"start":{"line":8,"column":20},"end":{"line":30,"column":6}},"type":"cond-expr","locations":[{"start":{"line":9,"column":4},"end":{"line":18,"column":6}},{"start":{"line":20,"column":4},"end":{"line":30,"column":6}}],"line":8}},"s":{"0":1,"1":1,"2":1,"3":1,"4":1,"5":1,"6":0,"7":0,"8":1,"9":0,"10":0,"11":1,"12":0,"13":0,"14":0,"15":1},"f":{"0":1,"1":0,"2":0,"3":0,"4":0,"5":0,"6":0},"b":{"0":[0,1]},"_coverageSchema":"1a1c01bbd47fc00a2c39e90264f33305004495a9","hash":"14ec021c72141fa0bd3d516762b5925e0f0cf061"}
,"/home/onemedia/Documents/Ag/api-fikani/src/config/fb.config.js": {"path":"/home/onemedia/Documents/Ag/api-fikani/src/config/fb.config.js","statementMap":{"0":{"start":{"line":1,"column":12},"end":{"line":1,"column":37}},"1":{"start":{"line":2,"column":21},"end":{"line":2,"column":67}},"2":{"start":{"line":4,"column":0},"end":{"line":8,"column":2}},"3":{"start":{"line":10,"column":18},"end":{"line":10,"column":30}},"4":{"start":{"line":11,"column":22},"end":{"line":11,"column":38}},"5":{"start":{"line":12,"column":23},"end":{"line":12,"column":40}},"6":{"start":{"line":13,"column":20},"end":{"line":13,"column":44}},"7":{"start":{"line":15,"column":0},"end":{"line":20,"column":1}}},"fnMap":{},"branchMap":{},"s":{"0":1,"1":1,"2":1,"3":1,"4":1,"5":1,"6":1,"7":1},"f":{},"b":{},"_coverageSchema":"1a1c01bbd47fc00a2c39e90264f33305004495a9","hash":"defcb50ab41d85447137b92c3ecf5bbfde3146a5"}
,"/home/onemedia/Documents/Ag/api-fikani/src/models/userModel.js": {"path":"/home/onemedia/Documents/Ag/api-fikani/src/models/userModel.js","statementMap":{"0":{"start":{"line":1,"column":26},"end":{"line":1,"column":55}},"1":{"start":{"line":3,"column":13},"end":{"line":29,"column":1}},"2":{"start":{"line":4,"column":20},"end":{"line":4,"column":38}},"3":{"start":{"line":6,"column":4},"end":{"line":28,"column":7}},"4":{"start":{"line":35,"column":0},"end":{"line":35,"column":21}}},"fnMap":{"0":{"name":"(anonymous_0)","decl":{"start":{"line":3,"column":13},"end":{"line":3,"column":14}},"loc":{"start":{"line":3,"column":27},"end":{"line":29,"column":1}},"line":3}},"branchMap":{},"s":{"0":1,"1":1,"2":0,"3":0,"4":1},"f":{"0":0},"b":{},"_coverageSchema":"1a1c01bbd47fc00a2c39e90264f33305004495a9","hash":"4f94eb0ae11af59d2bcacada9d47c6abe5f87de8"}
,"/home/onemedia/Documents/Ag/api-fikani/src/utils/upload.js": {"path":"/home/onemedia/Documents/Ag/api-fikani/src/utils/upload.js","statementMap":{"0":{"start":{"line":1,"column":24},"end":{"line":1,"column":54}},"1":{"start":{"line":2,"column":23},"end":{"line":2,"column":38}},"2":{"start":{"line":4,"column":0},"end":{"line":16,"column":1}},"3":{"start":{"line":7,"column":20},"end":{"line":13,"column":6}},"4":{"start":{"line":15,"column":4},"end":{"line":15,"column":41}},"5":{"start":{"line":18,"column":0},"end":{"line":24,"column":1}},"6":{"start":{"line":19,"column":21},"end":{"line":21,"column":6}},"7":{"start":{"line":20,"column":8},"end":{"line":20,"column":55}},"8":{"start":{"line":23,"column":4},"end":{"line":23,"column":33}}},"fnMap":{"0":{"name":"(anonymous_0)","decl":{"start":{"line":4,"column":21},"end":{"line":4,"column":22}},"loc":{"start":{"line":4,"column":47},"end":{"line":16,"column":1}},"line":4},"1":{"name":"(anonymous_1)","decl":{"start":{"line":18,"column":30},"end":{"line":18,"column":31}},"loc":{"start":{"line":18,"column":58},"end":{"line":24,"column":1}},"line":18},"2":{"name":"(anonymous_2)","decl":{"start":{"line":19,"column":31},"end":{"line":19,"column":32}},"loc":{"start":{"line":19,"column":54},"end":{"line":21,"column":5}},"line":19}},"branchMap":{},"s":{"0":1,"1":1,"2":1,"3":3,"4":3,"5":1,"6":1,"7":2,"8":1},"f":{"0":3,"1":1,"2":2},"b":{},"_coverageSchema":"1a1c01bbd47fc00a2c39e90264f33305004495a9","hash":"7358f251e6a436a9aa4fa1c1d15b1a2511855b3b"}
,"/home/onemedia/Documents/Ag/api-fikani/src/utils/validator.js": {"path":"/home/onemedia/Documents/Ag/api-fikani/src/utils/validator.js","statementMap":{"0":{"start":{"line":1,"column":15},"end":{"line":1,"column":34}},"1":{"start":{"line":2,"column":19},"end":{"line":2,"column":21}},"2":{"start":{"line":4,"column":0},"end":{"line":6,"column":2}},"3":{"start":{"line":5,"column":4},"end":{"line":5,"column":54}},"4":{"start":{"line":8,"column":0},"end":{"line":10,"column":1}},"5":{"start":{"line":9,"column":4},"end":{"line":9,"column":57}}},"fnMap":{"0":{"name":"(anonymous_0)","decl":{"start":{"line":4,"column":23},"end":{"line":4,"column":24}},"loc":{"start":{"line":4,"column":48},"end":{"line":6,"column":1}},"line":4},"1":{"name":"(anonymous_1)","decl":{"start":{"line":8,"column":26},"end":{"line":8,"column":27}},"loc":{"start":{"line":8,"column":63},"end":{"line":10,"column":1}},"line":8}},"branchMap":{},"s":{"0":2,"1":2,"2":2,"3":2,"4":2,"5":2},"f":{"0":2,"1":2},"b":{},"_coverageSchema":"1a1c01bbd47fc00a2c39e90264f33305004495a9","hash":"d1c3a4b59b2f18b580d8d2bf0661aad05256b491"}
}
