TN:
SF:src/config/db.config.js
FN:32,(anonymous_0)
FN:35,(anonymous_1)
FN:38,(anonymous_2)
FN:42,(anonymous_3)
FN:44,(anonymous_4)
FN:48,(anonymous_5)
FN:49,(anonymous_6)
FNF:7
FNH:1
FNDA:1,(anonymous_0)
FNDA:0,(anonymous_1)
FNDA:0,(anonymous_2)
FNDA:0,(anonymous_3)
FNDA:0,(anonymous_4)
FNDA:0,(anonymous_5)
FNDA:0,(anonymous_6)
DA:1,1
DA:2,1
DA:3,1
DA:8,1
DA:32,1
DA:33,1
DA:36,0
DA:39,0
DA:42,1
DA:43,0
DA:45,0
DA:48,1
DA:49,0
DA:50,0
DA:55,0
DA:60,1
LF:16
LH:9
BRDA:8,0,0,0
BRDA:8,0,1,1
BRF:2
BRH:1
end_of_record
TN:
SF:src/config/fb.config.js
FNF:0
FNH:0
DA:1,1
DA:2,1
DA:4,1
DA:10,1
DA:11,1
DA:12,1
DA:13,1
DA:15,1
LF:8
LH:8
BRF:0
BRH:0
end_of_record
TN:
SF:src/models/userModel.js
FN:3,(anonymous_0)
FNF:1
FNH:0
FNDA:0,(anonymous_0)
DA:1,1
DA:3,1
DA:4,0
DA:6,0
DA:35,1
LF:5
LH:3
BRF:0
BRH:0
end_of_record
TN:
SF:src/utils/upload.js
FN:4,(anonymous_0)
FN:18,(anonymous_1)
FN:19,(anonymous_2)
FNF:3
FNH:3
FNDA:3,(anonymous_0)
FNDA:1,(anonymous_1)
FNDA:2,(anonymous_2)
DA:1,1
DA:2,1
DA:4,1
DA:7,3
DA:15,3
DA:18,1
DA:19,1
DA:20,2
DA:23,1
LF:9
LH:9
BRF:0
BRH:0
end_of_record
TN:
SF:src/utils/validator.js
FN:4,(anonymous_0)
FN:8,(anonymous_1)
FNF:2
FNH:2
FNDA:2,(anonymous_0)
FNDA:2,(anonymous_1)
DA:1,2
DA:2,2
DA:4,2
DA:5,2
DA:8,2
DA:9,2
LF:6
LH:6
BRF:0
BRH:0
end_of_record
